<?xml version="1.0" encoding="UTF-8"?>
<!-- Generated by org.testng.reporters.JUnitReportReporter -->
<testsuite hostname="inspiron-3576" failures="0" tests="1" name="browserLunch.ChromeBrowser" time="17.258" errors="0" timestamp="2021-04-21T01:25:03 IST" skipped="0">
  <testcase classname="browserLunch.ChromeBrowser" name="ChromeBrowserLunch" time="17.258"/>
  <system-out/>
</testsuite> <!-- browserLunch.ChromeBrowser -->
